c:\users\think\desktop\相交地块扣除\intersectdelect\x64\debug\intersectdelect.pch
c:\users\think\desktop\相交地块扣除\intersectdelect\x64\debug\vc140.pdb
c:\users\think\desktop\相交地块扣除\intersectdelect\x64\debug\vc140.idb
c:\users\think\desktop\相交地块扣除\intersectdelect\x64\debug\stdafx.obj
c:\users\think\desktop\相交地块扣除\intersectdelect\x64\debug\acrxentrypoint.obj
c:\users\think\desktop\相交地块扣除\intersectdelect\x64\debug\docdata.obj
c:\users\think\desktop\相交地块扣除\intersectdelect\x64\debug\geometricoperations.obj
c:\users\think\desktop\相交地块扣除\intersectdelect\x64\debug\jointopline.obj
c:\users\think\desktop\相交地块扣除\intersectdelect\x64\debug\sdkintersectdelect.lib
c:\users\think\desktop\相交地块扣除\intersectdelect\x64\debug\sdkintersectdelect.exp
c:\users\think\desktop\相交地块扣除\x64\debug\sdkintersectdelect.arx
c:\users\think\desktop\相交地块扣除\x64\debug\sdkintersectdelect.pdb
c:\users\think\desktop\相交地块扣除\intersectdelect\x64\debug\intersectdelect.res
c:\users\think\desktop\相交地块扣除\intersectdelect\x64\debug\intersectdelect.tlog\cl.command.1.tlog
c:\users\think\desktop\相交地块扣除\intersectdelect\x64\debug\intersectdelect.tlog\cl.read.1.tlog
c:\users\think\desktop\相交地块扣除\intersectdelect\x64\debug\intersectdelect.tlog\cl.write.1.tlog
c:\users\think\desktop\相交地块扣除\intersectdelect\x64\debug\intersectdelect.tlog\intersectdelect.write.1u.tlog
c:\users\think\desktop\相交地块扣除\intersectdelect\x64\debug\intersectdelect.tlog\link.command.1.tlog
c:\users\think\desktop\相交地块扣除\intersectdelect\x64\debug\intersectdelect.tlog\link.read.1.tlog
c:\users\think\desktop\相交地块扣除\intersectdelect\x64\debug\intersectdelect.tlog\link.write.1.tlog
c:\users\think\desktop\相交地块扣除\intersectdelect\x64\debug\intersectdelect.tlog\rc.command.1.tlog
c:\users\think\desktop\相交地块扣除\intersectdelect\x64\debug\intersectdelect.tlog\rc.read.1.tlog
c:\users\think\desktop\相交地块扣除\intersectdelect\x64\debug\intersectdelect.tlog\rc.write.1.tlog
